c:\users\user\source\repos\car\car\x64\debug\vc143.pdb
c:\users\user\source\repos\car\car\x64\debug\vc143.idb
c:\users\user\source\repos\car\car\x64\debug\suv.obj
c:\users\user\source\repos\car\car\x64\debug\offroad.obj
c:\users\user\desktop\car\car\x64\debug\vc143.pdb
c:\users\user\desktop\car\car\x64\debug\vc143.idb
c:\users\user\desktop\car\car\x64\debug\main.obj
c:\users\user\desktop\car\car\x64\debug\offroad.obj
c:\users\user\desktop\car\car\x64\debug\car.obj
c:\users\user\desktop\car\car\x64\debug\sedan.obj
c:\users\user\desktop\car\car\x64\debug\suv.obj
c:\users\user\desktop\car\x64\debug\car.exe
c:\users\user\desktop\car\car\x64\debug\car.ilk
c:\users\user\desktop\car\x64\debug\car.pdb
c:\users\user\desktop\car\car\x64\debug\car.tlog\cl.command.1.tlog
c:\users\user\desktop\car\car\x64\debug\car.tlog\cl.items.tlog
c:\users\user\desktop\car\car\x64\debug\car.tlog\cl.read.1.tlog
c:\users\user\desktop\car\car\x64\debug\car.tlog\cl.write.1.tlog
c:\users\user\desktop\car\car\x64\debug\car.tlog\link.command.1.tlog
c:\users\user\desktop\car\car\x64\debug\car.tlog\link.read.1.tlog
c:\users\user\desktop\car\car\x64\debug\car.tlog\link.write.1.tlog
